android/app/build/intermediates/manifest_merge_blame_file/debug/processDebugMainManifest/manifest-merger-blame-debug-report.txt
1<?xml version="1.0" encoding="utf-8"?>
2<manifest xmlns:android="http://schemas.android.com/apk/res/android"
3    package="com.highvault.futminna"
4    android:versionCode="1"
5    android:versionName="1.0" >
6
7    <uses-sdk
8        android:minSdkVersion="24"
9        android:targetSdkVersion="36" />
10
11    <!-- Permissions -->
12
13    <uses-permission android:name="android.permission.INTERNET" />
13-->src\main\AndroidManifest.xml:44:5-67
13-->src\main\AndroidManifest.xml:44:22-64
14    <uses-permission android:name="android.permission.ACCESS_NETWORK_STATE" />
14-->[:capacitor-community-admob] AndroidManifest.xml:7:5-79
14-->[:capacitor-community-admob] AndroidManifest.xml:7:22-76
15
16    <queries>
16-->[:capacitor-browser] AndroidManifest.xml:7:5-11:15
17        <intent>
17-->[:capacitor-browser] AndroidManifest.xml:8:9-10:18
18            <action android:name="android.support.customtabs.action.CustomTabsService" />
18-->[:capacitor-browser] AndroidManifest.xml:9:13-90
18-->[:capacitor-browser] AndroidManifest.xml:9:21-87
19        </intent>
20        <!-- For browser content -->
21        <intent>
21-->[com.google.android.gms:play-services-ads-api:24.9.0] AndroidManifest.xml:38:9-44:18
22            <action android:name="android.intent.action.VIEW" />
22-->[com.google.android.gms:play-services-ads-api:24.9.0] AndroidManifest.xml:39:13-65
22-->[com.google.android.gms:play-services-ads-api:24.9.0] AndroidManifest.xml:39:21-62
23
24            <category android:name="android.intent.category.BROWSABLE" />
24-->[com.google.android.gms:play-services-ads-api:24.9.0] AndroidManifest.xml:41:13-74
24-->[com.google.android.gms:play-services-ads-api:24.9.0] AndroidManifest.xml:41:23-71
25
26            <data android:scheme="https" />
26-->[com.google.android.gms:play-services-ads-api:24.9.0] AndroidManifest.xml:43:13-44
26-->[com.google.android.gms:play-services-ads-api:24.9.0] AndroidManifest.xml:43:19-41
27        </intent> <!-- End of CustomTabsService -->
28        <!-- For MRAID capabilities -->
29        <intent>
29-->[com.google.android.gms:play-services-ads-api:24.9.0] AndroidManifest.xml:52:9-56:18
30            <action android:name="android.intent.action.INSERT" />
30-->[com.google.android.gms:play-services-ads-api:24.9.0] AndroidManifest.xml:53:13-67
30-->[com.google.android.gms:play-services-ads-api:24.9.0] AndroidManifest.xml:53:21-64
31
32            <data android:mimeType="vnd.android.cursor.dir/event" />
32-->[com.google.android.gms:play-services-ads-api:24.9.0] AndroidManifest.xml:43:13-44
33        </intent>
34        <intent>
34-->[com.google.android.gms:play-services-ads-api:24.9.0] AndroidManifest.xml:57:9-61:18
35            <action android:name="android.intent.action.VIEW" />
35-->[com.google.android.gms:play-services-ads-api:24.9.0] AndroidManifest.xml:39:13-65
35-->[com.google.android.gms:play-services-ads-api:24.9.0] AndroidManifest.xml:39:21-62
36
37            <data android:scheme="sms" />
37-->[com.google.android.gms:play-services-ads-api:24.9.0] AndroidManifest.xml:43:13-44
37-->[com.google.android.gms:play-services-ads-api:24.9.0] AndroidManifest.xml:43:19-41
38        </intent>
39        <intent>
39-->[com.google.android.gms:play-services-ads-api:24.9.0] AndroidManifest.xml:62:9-66:18
40            <action android:name="android.intent.action.DIAL" />
40-->[com.google.android.gms:play-services-ads-api:24.9.0] AndroidManifest.xml:63:13-65
40-->[com.google.android.gms:play-services-ads-api:24.9.0] AndroidManifest.xml:63:21-62
41
42            <data android:path="tel:" />
42-->[com.google.android.gms:play-services-ads-api:24.9.0] AndroidManifest.xml:43:13-44
43        </intent>
44    </queries>
45
46    <uses-permission android:name="com.google.android.gms.permission.AD_ID" />
46-->[com.google.android.gms:play-services-ads-api:24.9.0] AndroidManifest.xml:26:5-79
46-->[com.google.android.gms:play-services-ads-api:24.9.0] AndroidManifest.xml:26:22-76
47    <uses-permission android:name="android.permission.ACCESS_ADSERVICES_AD_ID" />
47-->[com.google.android.gms:play-services-ads-api:24.9.0] AndroidManifest.xml:27:5-82
47-->[com.google.android.gms:play-services-ads-api:24.9.0] AndroidManifest.xml:27:22-79
48    <uses-permission android:name="android.permission.ACCESS_ADSERVICES_ATTRIBUTION" />
48-->[com.google.android.gms:play-services-ads-api:24.9.0] AndroidManifest.xml:28:5-88
48-->[com.google.android.gms:play-services-ads-api:24.9.0] AndroidManifest.xml:28:22-85
49    <uses-permission android:name="android.permission.ACCESS_ADSERVICES_TOPICS" />
49-->[com.google.android.gms:play-services-ads-api:24.9.0] AndroidManifest.xml:29:5-83
49-->[com.google.android.gms:play-services-ads-api:24.9.0] AndroidManifest.xml:29:22-80
50    <uses-permission android:name="android.permission.WAKE_LOCK" />
50-->[com.google.android.gms:play-services-measurement-sdk-api:20.1.2] AndroidManifest.xml:25:5-68
50-->[com.google.android.gms:play-services-measurement-sdk-api:20.1.2] AndroidManifest.xml:25:22-65
51    <uses-permission android:name="android.permission.FOREGROUND_SERVICE" />
51-->[androidx.work:work-runtime:2.7.0] AndroidManifest.xml:28:5-77
51-->[androidx.work:work-runtime:2.7.0] AndroidManifest.xml:28:22-74
52
53    <permission
53-->[androidx.core:core:1.17.0] AndroidManifest.xml:22:5-24:47
54        android:name="com.highvault.futminna.DYNAMIC_RECEIVER_NOT_EXPORTED_PERMISSION"
54-->[androidx.core:core:1.17.0] AndroidManifest.xml:23:9-81
55        android:protectionLevel="signature" />
55-->[androidx.core:core:1.17.0] AndroidManifest.xml:24:9-44
56
57    <uses-permission android:name="com.highvault.futminna.DYNAMIC_RECEIVER_NOT_EXPORTED_PERMISSION" />
57-->[androidx.core:core:1.17.0] AndroidManifest.xml:26:5-97
57-->[androidx.core:core:1.17.0] AndroidManifest.xml:26:22-94
58
59    <application
59-->src\main\AndroidManifest.xml:4:5-40:19
60        android:allowBackup="true"
60-->src\main\AndroidManifest.xml:5:9-35
61        android:appComponentFactory="androidx.core.app.CoreComponentFactory"
61-->[androidx.core:core:1.17.0] AndroidManifest.xml:28:18-86
62        android:debuggable="true"
63        android:extractNativeLibs="false"
64        android:icon="@mipmap/ic_launcher"
64-->src\main\AndroidManifest.xml:6:9-43
65        android:label="@string/app_name"
65-->src\main\AndroidManifest.xml:7:9-41
66        android:roundIcon="@mipmap/ic_launcher_round"
66-->src\main\AndroidManifest.xml:8:9-54
67        android:supportsRtl="true"
67-->src\main\AndroidManifest.xml:9:9-35
68        android:testOnly="true"
69        android:theme="@style/AppTheme" >
69-->src\main\AndroidManifest.xml:10:9-40
70        <activity
70-->src\main\AndroidManifest.xml:12:9-25:20
71            android:name="com.highvault.futminna.MainActivity"
71-->src\main\AndroidManifest.xml:14:13-41
72            android:configChanges="orientation|keyboardHidden|keyboard|screenSize|locale|smallestScreenSize|screenLayout|uiMode|navigation|density"
72-->src\main\AndroidManifest.xml:13:13-148
73            android:exported="true"
73-->src\main\AndroidManifest.xml:18:13-36
74            android:label="@string/title_activity_main"
74-->src\main\AndroidManifest.xml:15:13-56
75            android:launchMode="singleTask"
75-->src\main\AndroidManifest.xml:17:13-44
76            android:theme="@style/AppTheme.NoActionBarLaunch" >
76-->src\main\AndroidManifest.xml:16:13-62
77            <intent-filter>
77-->src\main\AndroidManifest.xml:20:13-23:29
78                <action android:name="android.intent.action.MAIN" />
78-->src\main\AndroidManifest.xml:21:17-69
78-->src\main\AndroidManifest.xml:21:25-66
79
80                <category android:name="android.intent.category.LAUNCHER" />
80-->src\main\AndroidManifest.xml:22:17-77
80-->src\main\AndroidManifest.xml:22:27-74
81            </intent-filter>
82        </activity>
83
84        <provider
85            android:name="androidx.core.content.FileProvider"
85-->src\main\AndroidManifest.xml:28:13-62
86            android:authorities="com.highvault.futminna.fileprovider"
86-->src\main\AndroidManifest.xml:29:13-64
87            android:exported="false"
87-->src\main\AndroidManifest.xml:30:13-37
88            android:grantUriPermissions="true" >
88-->src\main\AndroidManifest.xml:31:13-47
89            <meta-data
89-->src\main\AndroidManifest.xml:32:13-34:64
90                android:name="android.support.FILE_PROVIDER_PATHS"
90-->src\main\AndroidManifest.xml:33:17-67
91                android:resource="@xml/file_paths" />
91-->src\main\AndroidManifest.xml:34:17-51
92        </provider>
93
94        <meta-data
94-->src\main\AndroidManifest.xml:37:9-39:69
95            android:name="com.google.android.gms.ads.APPLICATION_ID"
95-->src\main\AndroidManifest.xml:38:13-69
96            android:value="ca-app-pub-3940256099942544~3347511713" />
96-->src\main\AndroidManifest.xml:39:13-67
97
98        <activity
98-->[:capacitor-browser] AndroidManifest.xml:14:9-18:75
99            android:name="com.capacitorjs.plugins.browser.BrowserControllerActivity"
99-->[:capacitor-browser] AndroidManifest.xml:15:13-85
100            android:exported="false"
100-->[:capacitor-browser] AndroidManifest.xml:16:13-37
101            android:launchMode="singleTask"
101-->[:capacitor-browser] AndroidManifest.xml:17:13-44
102            android:theme="@android:style/Theme.Translucent.NoTitleBar" /> <!-- Include the AdActivity and InAppPurchaseActivity configChanges and themes. -->
102-->[:capacitor-browser] AndroidManifest.xml:18:13-72
103        <activity
103-->[com.google.android.gms:play-services-ads-api:24.9.0] AndroidManifest.xml:73:9-79:43
104            android:name="com.google.android.gms.ads.AdActivity"
104-->[com.google.android.gms:play-services-ads-api:24.9.0] AndroidManifest.xml:74:13-65
105            android:configChanges="keyboard|keyboardHidden|orientation|screenLayout|uiMode|screenSize|smallestScreenSize"
105-->[com.google.android.gms:play-services-ads-api:24.9.0] AndroidManifest.xml:75:13-122
106            android:enableOnBackInvokedCallback="false"
106-->[com.google.android.gms:play-services-ads-api:24.9.0] AndroidManifest.xml:76:13-56
107            android:exported="false"
107-->[com.google.android.gms:play-services-ads-api:24.9.0] AndroidManifest.xml:77:13-37
108            android:theme="@android:style/Theme.Translucent" />
108-->[com.google.android.gms:play-services-ads-api:24.9.0] AndroidManifest.xml:78:13-61
109
110        <provider
110-->[com.google.android.gms:play-services-ads-api:24.9.0] AndroidManifest.xml:81:9-86:43
111            android:name="com.google.android.gms.ads.MobileAdsInitProvider"
111-->[com.google.android.gms:play-services-ads-api:24.9.0] AndroidManifest.xml:82:13-76
112            android:authorities="com.highvault.futminna.mobileadsinitprovider"
112-->[com.google.android.gms:play-services-ads-api:24.9.0] AndroidManifest.xml:83:13-73
113            android:exported="false"
113-->[com.google.android.gms:play-services-ads-api:24.9.0] AndroidManifest.xml:84:13-37
114            android:initOrder="100" />
114-->[com.google.android.gms:play-services-ads-api:24.9.0] AndroidManifest.xml:85:13-36
115
116        <service
116-->[com.google.android.gms:play-services-ads-api:24.9.0] AndroidManifest.xml:88:9-92:43
117            android:name="com.google.android.gms.ads.AdService"
117-->[com.google.android.gms:play-services-ads-api:24.9.0] AndroidManifest.xml:89:13-64
118            android:enabled="true"
118-->[com.google.android.gms:play-services-ads-api:24.9.0] AndroidManifest.xml:90:13-35
119            android:exported="false" />
119-->[com.google.android.gms:play-services-ads-api:24.9.0] AndroidManifest.xml:91:13-37
120
121        <activity
121-->[com.google.android.gms:play-services-ads-api:24.9.0] AndroidManifest.xml:94:9-98:43
122            android:name="com.google.android.gms.ads.OutOfContextTestingActivity"
122-->[com.google.android.gms:play-services-ads-api:24.9.0] AndroidManifest.xml:95:13-82
123            android:configChanges="keyboard|keyboardHidden|orientation|screenLayout|uiMode|screenSize|smallestScreenSize"
123-->[com.google.android.gms:play-services-ads-api:24.9.0] AndroidManifest.xml:96:13-122
124            android:exported="false" />
124-->[com.google.android.gms:play-services-ads-api:24.9.0] AndroidManifest.xml:97:13-37
125        <activity
125-->[com.google.android.gms:play-services-ads-api:24.9.0] AndroidManifest.xml:99:9-106:43
126            android:name="com.google.android.gms.ads.NotificationHandlerActivity"
126-->[com.google.android.gms:play-services-ads-api:24.9.0] AndroidManifest.xml:100:13-82
127            android:excludeFromRecents="true"
127-->[com.google.android.gms:play-services-ads-api:24.9.0] AndroidManifest.xml:101:13-46
128            android:exported="false"
128-->[com.google.android.gms:play-services-ads-api:24.9.0] AndroidManifest.xml:102:13-37
129            android:launchMode="singleTask"
129-->[com.google.android.gms:play-services-ads-api:24.9.0] AndroidManifest.xml:103:13-44
130            android:taskAffinity=""
130-->[com.google.android.gms:play-services-ads-api:24.9.0] AndroidManifest.xml:104:13-36
131            android:theme="@android:style/Theme.Translucent.NoTitleBar" />
131-->[com.google.android.gms:play-services-ads-api:24.9.0] AndroidManifest.xml:105:13-72
132
133        <meta-data
133-->[com.google.android.gms:play-services-ads-api:24.9.0] AndroidManifest.xml:108:9-110:36
134            android:name="com.google.android.gms.ads.flag.OPTIMIZE_AD_LOADING"
134-->[com.google.android.gms:play-services-ads-api:24.9.0] AndroidManifest.xml:109:13-79
135            android:value="true" />
135-->[com.google.android.gms:play-services-ads-api:24.9.0] AndroidManifest.xml:110:13-33
136        <meta-data
136-->[com.google.android.gms:play-services-ads-api:24.9.0] AndroidManifest.xml:111:9-113:36
137            android:name="com.google.android.gms.ads.flag.OPTIMIZE_INITIALIZATION"
137-->[com.google.android.gms:play-services-ads-api:24.9.0] AndroidManifest.xml:112:13-83
138            android:value="true" />
138-->[com.google.android.gms:play-services-ads-api:24.9.0] AndroidManifest.xml:113:13-33
139
140        <activity
140-->[com.google.android.gms:play-services-base:18.0.0] AndroidManifest.xml:20:9-22:45
141            android:name="com.google.android.gms.common.api.GoogleApiActivity"
141-->[com.google.android.gms:play-services-base:18.0.0] AndroidManifest.xml:20:19-85
142            android:exported="false"
142-->[com.google.android.gms:play-services-base:18.0.0] AndroidManifest.xml:22:19-43
143            android:theme="@android:style/Theme.Translucent.NoTitleBar" />
143-->[com.google.android.gms:play-services-base:18.0.0] AndroidManifest.xml:21:19-78
144
145        <meta-data
145-->[com.google.android.gms:play-services-basement:18.9.0] AndroidManifest.xml:21:9-23:69
146            android:name="com.google.android.gms.version"
146-->[com.google.android.gms:play-services-basement:18.9.0] AndroidManifest.xml:22:13-58
147            android:value="@integer/google_play_services_version" />
147-->[com.google.android.gms:play-services-basement:18.9.0] AndroidManifest.xml:23:13-66
148
149        <provider
149-->[androidx.emoji2:emoji2:1.3.0] AndroidManifest.xml:24:9-32:20
150            android:name="androidx.startup.InitializationProvider"
150-->[androidx.emoji2:emoji2:1.3.0] AndroidManifest.xml:25:13-67
151            android:authorities="com.highvault.futminna.androidx-startup"
151-->[androidx.emoji2:emoji2:1.3.0] AndroidManifest.xml:26:13-68
152            android:exported="false" >
152-->[androidx.emoji2:emoji2:1.3.0] AndroidManifest.xml:27:13-37
153            <meta-data
153-->[androidx.emoji2:emoji2:1.3.0] AndroidManifest.xml:29:13-31:52
154                android:name="androidx.emoji2.text.EmojiCompatInitializer"
154-->[androidx.emoji2:emoji2:1.3.0] AndroidManifest.xml:30:17-75
155                android:value="androidx.startup" />
155-->[androidx.emoji2:emoji2:1.3.0] AndroidManifest.xml:31:17-49
156            <meta-data
156-->[androidx.work:work-runtime:2.7.0] AndroidManifest.xml:36:13-38:52
157                android:name="androidx.work.WorkManagerInitializer"
157-->[androidx.work:work-runtime:2.7.0] AndroidManifest.xml:37:17-68
158                android:value="androidx.startup" />
158-->[androidx.work:work-runtime:2.7.0] AndroidManifest.xml:38:17-49
159            <meta-data
159-->[androidx.lifecycle:lifecycle-process:2.6.2] AndroidManifest.xml:29:13-31:52
160                android:name="androidx.lifecycle.ProcessLifecycleInitializer"
160-->[androidx.lifecycle:lifecycle-process:2.6.2] AndroidManifest.xml:30:17-78
161                android:value="androidx.startup" />
161-->[androidx.lifecycle:lifecycle-process:2.6.2] AndroidManifest.xml:31:17-49
162            <meta-data
162-->[androidx.profileinstaller:profileinstaller:1.4.0] AndroidManifest.xml:29:13-31:52
163                android:name="androidx.profileinstaller.ProfileInstallerInitializer"
163-->[androidx.profileinstaller:profileinstaller:1.4.0] AndroidManifest.xml:30:17-85
164                android:value="androidx.startup" />
164-->[androidx.profileinstaller:profileinstaller:1.4.0] AndroidManifest.xml:31:17-49
165        </provider>
166
167        <uses-library
167-->[androidx.privacysandbox.ads:ads-adservices:1.0.0-beta05] AndroidManifest.xml:23:9-25:40
168            android:name="android.ext.adservices"
168-->[androidx.privacysandbox.ads:ads-adservices:1.0.0-beta05] AndroidManifest.xml:24:13-50
169            android:required="false" />
169-->[androidx.privacysandbox.ads:ads-adservices:1.0.0-beta05] AndroidManifest.xml:25:13-37
170
171        <service
171-->[androidx.work:work-runtime:2.7.0] AndroidManifest.xml:41:9-46:35
172            android:name="androidx.work.impl.background.systemalarm.SystemAlarmService"
172-->[androidx.work:work-runtime:2.7.0] AndroidManifest.xml:42:13-88
173            android:directBootAware="false"
173-->[androidx.work:work-runtime:2.7.0] AndroidManifest.xml:43:13-44
174            android:enabled="@bool/enable_system_alarm_service_default"
174-->[androidx.work:work-runtime:2.7.0] AndroidManifest.xml:44:13-72
175            android:exported="false" />
175-->[androidx.work:work-runtime:2.7.0] AndroidManifest.xml:45:13-37
176        <service
176-->[androidx.work:work-runtime:2.7.0] AndroidManifest.xml:47:9-53:35
177            android:name="androidx.work.impl.background.systemjob.SystemJobService"
177-->[androidx.work:work-runtime:2.7.0] AndroidManifest.xml:48:13-84
178            android:directBootAware="false"
178-->[androidx.work:work-runtime:2.7.0] AndroidManifest.xml:49:13-44
179            android:enabled="@bool/enable_system_job_service_default"
179-->[androidx.work:work-runtime:2.7.0] AndroidManifest.xml:50:13-70
180            android:exported="true"
180-->[androidx.work:work-runtime:2.7.0] AndroidManifest.xml:51:13-36
181            android:permission="android.permission.BIND_JOB_SERVICE" />
181-->[androidx.work:work-runtime:2.7.0] AndroidManifest.xml:52:13-69
182        <service
182-->[androidx.work:work-runtime:2.7.0] AndroidManifest.xml:54:9-59:35
183            android:name="androidx.work.impl.foreground.SystemForegroundService"
183-->[androidx.work:work-runtime:2.7.0] AndroidManifest.xml:55:13-81
184            android:directBootAware="false"
184-->[androidx.work:work-runtime:2.7.0] AndroidManifest.xml:56:13-44
185            android:enabled="@bool/enable_system_foreground_service_default"
185-->[androidx.work:work-runtime:2.7.0] AndroidManifest.xml:57:13-77
186            android:exported="false" />
186-->[androidx.work:work-runtime:2.7.0] AndroidManifest.xml:58:13-37
187
188        <receiver
188-->[androidx.work:work-runtime:2.7.0] AndroidManifest.xml:61:9-66:35
189            android:name="androidx.work.impl.utils.ForceStopRunnable$BroadcastReceiver"
189-->[androidx.work:work-runtime:2.7.0] AndroidManifest.xml:62:13-88
190            android:directBootAware="false"
190-->[androidx.work:work-runtime:2.7.0] AndroidManifest.xml:63:13-44
191            android:enabled="true"
191-->[androidx.work:work-runtime:2.7.0] AndroidManifest.xml:64:13-35
192            android:exported="false" />
192-->[androidx.work:work-runtime:2.7.0] AndroidManifest.xml:65:13-37
193        <receiver
193-->[androidx.work:work-runtime:2.7.0] AndroidManifest.xml:67:9-77:20
194            android:name="androidx.work.impl.background.systemalarm.ConstraintProxy$BatteryChargingProxy"
194-->[androidx.work:work-runtime:2.7.0] AndroidManifest.xml:68:13-106
195            android:directBootAware="false"
195-->[androidx.work:work-runtime:2.7.0] AndroidManifest.xml:69:13-44
196            android:enabled="false"
196-->[androidx.work:work-runtime:2.7.0] AndroidManifest.xml:70:13-36
197            android:exported="false" >
197-->[androidx.work:work-runtime:2.7.0] AndroidManifest.xml:71:13-37
198            <intent-filter>
198-->[androidx.work:work-runtime:2.7.0] AndroidManifest.xml:73:13-76:29
199                <action android:name="android.intent.action.ACTION_POWER_CONNECTED" />
199-->[androidx.work:work-runtime:2.7.0] AndroidManifest.xml:74:17-87
199-->[androidx.work:work-runtime:2.7.0] AndroidManifest.xml:74:25-84
200                <action android:name="android.intent.action.ACTION_POWER_DISCONNECTED" />
200-->[androidx.work:work-runtime:2.7.0] AndroidManifest.xml:75:17-90
200-->[androidx.work:work-runtime:2.7.0] AndroidManifest.xml:75:25-87
201            </intent-filter>
202        </receiver>
203        <receiver
203-->[androidx.work:work-runtime:2.7.0] AndroidManifest.xml:78:9-88:20
204            android:name="androidx.work.impl.background.systemalarm.ConstraintProxy$BatteryNotLowProxy"
204-->[androidx.work:work-runtime:2.7.0] AndroidManifest.xml:79:13-104
205            android:directBootAware="false"
205-->[androidx.work:work-runtime:2.7.0] AndroidManifest.xml:80:13-44
206            android:enabled="false"
206-->[androidx.work:work-runtime:2.7.0] AndroidManifest.xml:81:13-36
207            android:exported="false" >
207-->[androidx.work:work-runtime:2.7.0] AndroidManifest.xml:82:13-37
208            <intent-filter>
208-->[androidx.work:work-runtime:2.7.0] AndroidManifest.xml:84:13-87:29
209                <action android:name="android.intent.action.BATTERY_OKAY" />
209-->[androidx.work:work-runtime:2.7.0] AndroidManifest.xml:85:17-77
209-->[androidx.work:work-runtime:2.7.0] AndroidManifest.xml:85:25-74
210                <action android:name="android.intent.action.BATTERY_LOW" />
210-->[androidx.work:work-runtime:2.7.0] AndroidManifest.xml:86:17-76
210-->[androidx.work:work-runtime:2.7.0] AndroidManifest.xml:86:25-73
211            </intent-filter>
212        </receiver>
213        <receiver
213-->[androidx.work:work-runtime:2.7.0] AndroidManifest.xml:89:9-99:20
214            android:name="androidx.work.impl.background.systemalarm.ConstraintProxy$StorageNotLowProxy"
214-->[androidx.work:work-runtime:2.7.0] AndroidManifest.xml:90:13-104
215            android:directBootAware="false"
215-->[androidx.work:work-runtime:2.7.0] AndroidManifest.xml:91:13-44
216            android:enabled="false"
216-->[androidx.work:work-runtime:2.7.0] AndroidManifest.xml:92:13-36
217            android:exported="false" >
217-->[androidx.work:work-runtime:2.7.0] AndroidManifest.xml:93:13-37
218            <intent-filter>
218-->[androidx.work:work-runtime:2.7.0] AndroidManifest.xml:95:13-98:29
219                <action android:name="android.intent.action.DEVICE_STORAGE_LOW" />
219-->[androidx.work:work-runtime:2.7.0] AndroidManifest.xml:96:17-83
219-->[androidx.work:work-runtime:2.7.0] AndroidManifest.xml:96:25-80
220                <action android:name="android.intent.action.DEVICE_STORAGE_OK" />
220-->[androidx.work:work-runtime:2.7.0] AndroidManifest.xml:97:17-82
220-->[androidx.work:work-runtime:2.7.0] AndroidManifest.xml:97:25-79
221            </intent-filter>
222        </receiver>
223        <receiver
223-->[androidx.work:work-runtime:2.7.0] AndroidManifest.xml:100:9-109:20
224            android:name="androidx.work.impl.background.systemalarm.ConstraintProxy$NetworkStateProxy"
224-->[androidx.work:work-runtime:2.7.0] AndroidManifest.xml:101:13-103
225            android:directBootAware="false"
225-->[androidx.work:work-runtime:2.7.0] AndroidManifest.xml:102:13-44
226            android:enabled="false"
226-->[androidx.work:work-runtime:2.7.0] AndroidManifest.xml:103:13-36
227            android:exported="false" >
227-->[androidx.work:work-runtime:2.7.0] AndroidManifest.xml:104:13-37
228            <intent-filter>
228-->[androidx.work:work-runtime:2.7.0] AndroidManifest.xml:106:13-108:29
229                <action android:name="android.net.conn.CONNECTIVITY_CHANGE" />
229-->[androidx.work:work-runtime:2.7.0] AndroidManifest.xml:107:17-79
229-->[androidx.work:work-runtime:2.7.0] AndroidManifest.xml:107:25-76
230            </intent-filter>
231        </receiver>
232        <receiver
232-->[androidx.work:work-runtime:2.7.0] AndroidManifest.xml:110:9-121:20
233            android:name="androidx.work.impl.background.systemalarm.RescheduleReceiver"
233-->[androidx.work:work-runtime:2.7.0] AndroidManifest.xml:111:13-88
234            android:directBootAware="false"
234-->[androidx.work:work-runtime:2.7.0] AndroidManifest.xml:112:13-44
235            android:enabled="false"
235-->[androidx.work:work-runtime:2.7.0] AndroidManifest.xml:113:13-36
236            android:exported="false" >
236-->[androidx.work:work-runtime:2.7.0] AndroidManifest.xml:114:13-37
237            <intent-filter>
237-->[androidx.work:work-runtime:2.7.0] AndroidManifest.xml:116:13-120:29
238                <action android:name="android.intent.action.BOOT_COMPLETED" />
238-->[androidx.work:work-runtime:2.7.0] AndroidManifest.xml:117:17-79
238-->[androidx.work:work-runtime:2.7.0] AndroidManifest.xml:117:25-76
239                <action android:name="android.intent.action.TIME_SET" />
239-->[androidx.work:work-runtime:2.7.0] AndroidManifest.xml:118:17-73
239-->[androidx.work:work-runtime:2.7.0] AndroidManifest.xml:118:25-70
240                <action android:name="android.intent.action.TIMEZONE_CHANGED" />
240-->[androidx.work:work-runtime:2.7.0] AndroidManifest.xml:119:17-81
240-->[androidx.work:work-runtime:2.7.0] AndroidManifest.xml:119:25-78
241            </intent-filter>
242        </receiver>
243        <receiver
243-->[androidx.work:work-runtime:2.7.0] AndroidManifest.xml:122:9-131:20
244            android:name="androidx.work.impl.background.systemalarm.ConstraintProxyUpdateReceiver"
244-->[androidx.work:work-runtime:2.7.0] AndroidManifest.xml:123:13-99
245            android:directBootAware="false"
245-->[androidx.work:work-runtime:2.7.0] AndroidManifest.xml:124:13-44
246            android:enabled="@bool/enable_system_alarm_service_default"
246-->[androidx.work:work-runtime:2.7.0] AndroidManifest.xml:125:13-72
247            android:exported="false" >
247-->[androidx.work:work-runtime:2.7.0] AndroidManifest.xml:126:13-37
248            <intent-filter>
248-->[androidx.work:work-runtime:2.7.0] AndroidManifest.xml:128:13-130:29
249                <action android:name="androidx.work.impl.background.systemalarm.UpdateProxies" />
249-->[androidx.work:work-runtime:2.7.0] AndroidManifest.xml:129:17-98
249-->[androidx.work:work-runtime:2.7.0] AndroidManifest.xml:129:25-95
250            </intent-filter>
251        </receiver>
252        <receiver
252-->[androidx.work:work-runtime:2.7.0] AndroidManifest.xml:132:9-142:20
253            android:name="androidx.work.impl.diagnostics.DiagnosticsReceiver"
253-->[androidx.work:work-runtime:2.7.0] AndroidManifest.xml:133:13-78
254            android:directBootAware="false"
254-->[androidx.work:work-runtime:2.7.0] AndroidManifest.xml:134:13-44
255            android:enabled="true"
255-->[androidx.work:work-runtime:2.7.0] AndroidManifest.xml:135:13-35
256            android:exported="true"
256-->[androidx.work:work-runtime:2.7.0] AndroidManifest.xml:136:13-36
257            android:permission="android.permission.DUMP" >
257-->[androidx.work:work-runtime:2.7.0] AndroidManifest.xml:137:13-57
258            <intent-filter>
258-->[androidx.work:work-runtime:2.7.0] AndroidManifest.xml:139:13-141:29
259                <action android:name="androidx.work.diagnostics.REQUEST_DIAGNOSTICS" />
259-->[androidx.work:work-runtime:2.7.0] AndroidManifest.xml:140:17-88
259-->[androidx.work:work-runtime:2.7.0] AndroidManifest.xml:140:25-85
260            </intent-filter>
261        </receiver>
262        <receiver
262-->[androidx.profileinstaller:profileinstaller:1.4.0] AndroidManifest.xml:34:9-52:20
263            android:name="androidx.profileinstaller.ProfileInstallReceiver"
263-->[androidx.profileinstaller:profileinstaller:1.4.0] AndroidManifest.xml:35:13-76
264            android:directBootAware="false"
264-->[androidx.profileinstaller:profileinstaller:1.4.0] AndroidManifest.xml:36:13-44
265            android:enabled="true"
265-->[androidx.profileinstaller:profileinstaller:1.4.0] AndroidManifest.xml:37:13-35
266            android:exported="true"
266-->[androidx.profileinstaller:profileinstaller:1.4.0] AndroidManifest.xml:38:13-36
267            android:permission="android.permission.DUMP" >
267-->[androidx.profileinstaller:profileinstaller:1.4.0] AndroidManifest.xml:39:13-57
268            <intent-filter>
268-->[androidx.profileinstaller:profileinstaller:1.4.0] AndroidManifest.xml:40:13-42:29
269                <action android:name="androidx.profileinstaller.action.INSTALL_PROFILE" />
269-->[androidx.profileinstaller:profileinstaller:1.4.0] AndroidManifest.xml:41:17-91
269-->[androidx.profileinstaller:profileinstaller:1.4.0] AndroidManifest.xml:41:25-88
270            </intent-filter>
271            <intent-filter>
271-->[androidx.profileinstaller:profileinstaller:1.4.0] AndroidManifest.xml:43:13-45:29
272                <action android:name="androidx.profileinstaller.action.SKIP_FILE" />
272-->[androidx.profileinstaller:profileinstaller:1.4.0] AndroidManifest.xml:44:17-85